[2021-07-01 08:37:11.348] [exthost] [info] extension host started
[2021-07-01 08:37:11.442] [exthost] [info] ExtensionService#_doActivateExtension ms-vscode.cpptools {"startup":false,"extensionId":{"value":"ms-vscode.cpptools","_lower":"ms-vscode.cpptools"},"activationEvent":"onLanguage:c"}
[2021-07-01 08:37:11.443] [exthost] [info] ExtensionService#loadCommonJSModule file:///home/rakshita/.vscode-server/extensions/ms-vscode.cpptools-1.4.1/dist/main
[2021-07-01 08:37:12.431] [exthost] [info] ExtensionService#_doActivateExtension vscode.debug-auto-launch {"startup":true,"extensionId":{"value":"vscode.debug-auto-launch","_lower":"vscode.debug-auto-launch"},"activationEvent":"*"}
[2021-07-01 08:37:12.432] [exthost] [info] ExtensionService#loadCommonJSModule file:///home/rakshita/.vscode-server/bin/507ce72a4466fbb27b715c3722558bb15afa9f48/extensions/debug-auto-launch/dist/extension
[2021-07-01 08:37:12.514] [exthost] [info] ExtensionService#_doActivateExtension vscode.git {"startup":true,"extensionId":{"value":"vscode.github","_lower":"vscode.github"},"activationEvent":"*"}
[2021-07-01 08:37:12.515] [exthost] [info] ExtensionService#loadCommonJSModule file:///home/rakshita/.vscode-server/bin/507ce72a4466fbb27b715c3722558bb15afa9f48/extensions/git/dist/main
[2021-07-01 08:37:12.937] [exthost] [info] ExtensionService#_doActivateExtension GitHub.vscode-pull-request-github {"startup":true,"extensionId":{"value":"GitHub.vscode-pull-request-github","_lower":"github.vscode-pull-request-github"},"activationEvent":"*"}
[2021-07-01 08:37:12.938] [exthost] [info] ExtensionService#loadCommonJSModule file:///home/rakshita/.vscode-server/extensions/github.vscode-pull-request-github-0.27.1/dist/extension
[2021-07-01 08:37:15.062] [exthost] [info] ExtensionService#_doActivateExtension ms-vscode.js-debug {"startup":false,"extensionId":{"value":"ms-vscode.js-debug","_lower":"ms-vscode.js-debug"},"activationEvent":"onCommand:extension.js-debug.clearAutoAttachVariables"}
[2021-07-01 08:37:15.062] [exthost] [info] ExtensionService#loadCommonJSModule file:///home/rakshita/.vscode-server/bin/507ce72a4466fbb27b715c3722558bb15afa9f48/extensions/ms-vscode.js-debug/src/extension.js
[2021-07-01 08:37:18.006] [exthost] [info] ExtensionService#_doActivateExtension vscode.github {"startup":true,"extensionId":{"value":"vscode.github","_lower":"vscode.github"},"activationEvent":"*"}
[2021-07-01 08:37:18.006] [exthost] [info] ExtensionService#loadCommonJSModule file:///home/rakshita/.vscode-server/bin/507ce72a4466fbb27b715c3722558bb15afa9f48/extensions/github/dist/extension.js
[2021-07-01 08:37:24.094] [exthost] [info] ExtensionService#_doActivateExtension vscode.emmet {"startup":false,"extensionId":{"value":"vscode.emmet","_lower":"vscode.emmet"},"activationEvent":"onStartupFinished"}
[2021-07-01 08:37:24.094] [exthost] [info] ExtensionService#loadCommonJSModule file:///home/rakshita/.vscode-server/bin/507ce72a4466fbb27b715c3722558bb15afa9f48/extensions/emmet/dist/node/emmetNodeMain
[2021-07-01 08:37:24.347] [exthost] [info] ExtensionService#_doActivateExtension vscode.merge-conflict {"startup":false,"extensionId":{"value":"vscode.merge-conflict","_lower":"vscode.merge-conflict"},"activationEvent":"onStartupFinished"}
[2021-07-01 08:37:24.347] [exthost] [info] ExtensionService#loadCommonJSModule file:///home/rakshita/.vscode-server/bin/507ce72a4466fbb27b715c3722558bb15afa9f48/extensions/merge-conflict/dist/mergeConflictMain
[2021-07-01 08:37:24.450] [exthost] [info] ExtensionService#_doActivateExtension vscode.testing-editor-contributions {"startup":false,"extensionId":{"value":"vscode.testing-editor-contributions","_lower":"vscode.testing-editor-contributions"},"activationEvent":"onStartupFinished"}
[2021-07-01 08:37:24.451] [exthost] [info] ExtensionService#loadCommonJSModule file:///home/rakshita/.vscode-server/bin/507ce72a4466fbb27b715c3722558bb15afa9f48/extensions/testing-editor-contributions/dist/extension.js
[2021-07-01 08:37:26.714] [exthost] [info] eager extensions activated
[2021-07-01 08:38:54.204] [exthost] [warning] [Decorations] CAPPING events from decorations provider vscode.git 1872
