[2021-06-28 10:05:55.694] [exthost] [info] extension host started
[2021-06-28 10:05:55.725] [exthost] [info] ExtensionService#_doActivateExtension vscode.debug-auto-launch {"startup":true,"extensionId":{"value":"vscode.debug-auto-launch","_lower":"vscode.debug-auto-launch"},"activationEvent":"*"}
[2021-06-28 10:05:55.725] [exthost] [info] ExtensionService#loadCommonJSModule file:///home/rakshita/.vscode-server/bin/507ce72a4466fbb27b715c3722558bb15afa9f48/extensions/debug-auto-launch/dist/extension
[2021-06-28 10:05:55.732] [exthost] [info] ExtensionService#_doActivateExtension vscode.git {"startup":true,"extensionId":{"value":"vscode.github","_lower":"vscode.github"},"activationEvent":"*"}
[2021-06-28 10:05:55.732] [exthost] [info] ExtensionService#loadCommonJSModule file:///home/rakshita/.vscode-server/bin/507ce72a4466fbb27b715c3722558bb15afa9f48/extensions/git/dist/main
[2021-06-28 10:05:55.781] [exthost] [info] ExtensionService#_doActivateExtension GitHub.vscode-pull-request-github {"startup":true,"extensionId":{"value":"GitHub.vscode-pull-request-github","_lower":"github.vscode-pull-request-github"},"activationEvent":"*"}
[2021-06-28 10:05:55.781] [exthost] [info] ExtensionService#loadCommonJSModule file:///home/rakshita/.vscode-server/extensions/github.vscode-pull-request-github-0.27.1/dist/extension
[2021-06-28 10:05:57.522] [exthost] [info] ExtensionService#_doActivateExtension vscode.github {"startup":true,"extensionId":{"value":"vscode.github","_lower":"vscode.github"},"activationEvent":"*"}
[2021-06-28 10:05:57.522] [exthost] [info] ExtensionService#loadCommonJSModule file:///home/rakshita/.vscode-server/bin/507ce72a4466fbb27b715c3722558bb15afa9f48/extensions/github/dist/extension.js
[2021-06-28 10:05:57.577] [exthost] [info] ExtensionService#_doActivateExtension vscode.emmet {"startup":false,"extensionId":{"value":"vscode.emmet","_lower":"vscode.emmet"},"activationEvent":"onStartupFinished"}
[2021-06-28 10:05:57.577] [exthost] [info] ExtensionService#loadCommonJSModule file:///home/rakshita/.vscode-server/bin/507ce72a4466fbb27b715c3722558bb15afa9f48/extensions/emmet/dist/node/emmetNodeMain
[2021-06-28 10:05:57.592] [exthost] [info] ExtensionService#_doActivateExtension vscode.merge-conflict {"startup":false,"extensionId":{"value":"vscode.merge-conflict","_lower":"vscode.merge-conflict"},"activationEvent":"onStartupFinished"}
[2021-06-28 10:05:57.592] [exthost] [info] ExtensionService#loadCommonJSModule file:///home/rakshita/.vscode-server/bin/507ce72a4466fbb27b715c3722558bb15afa9f48/extensions/merge-conflict/dist/mergeConflictMain
[2021-06-28 10:05:57.597] [exthost] [info] ExtensionService#_doActivateExtension vscode.testing-editor-contributions {"startup":false,"extensionId":{"value":"vscode.testing-editor-contributions","_lower":"vscode.testing-editor-contributions"},"activationEvent":"onStartupFinished"}
[2021-06-28 10:05:57.597] [exthost] [info] ExtensionService#loadCommonJSModule file:///home/rakshita/.vscode-server/bin/507ce72a4466fbb27b715c3722558bb15afa9f48/extensions/testing-editor-contributions/dist/extension.js
[2021-06-28 10:05:57.598] [exthost] [info] eager extensions activated
[2021-06-28 10:05:57.599] [exthost] [info] ExtensionService#_doActivateExtension ms-vscode.js-debug {"startup":false,"extensionId":{"value":"ms-vscode.js-debug","_lower":"ms-vscode.js-debug"},"activationEvent":"onCommand:extension.js-debug.clearAutoAttachVariables"}
[2021-06-28 10:05:57.599] [exthost] [info] ExtensionService#loadCommonJSModule file:///home/rakshita/.vscode-server/bin/507ce72a4466fbb27b715c3722558bb15afa9f48/extensions/ms-vscode.js-debug/src/extension.js
[2021-06-28 10:06:13.975] [exthost] [info] extension host terminating: received terminate message from renderer
[2021-06-28 10:06:14.987] [exthost] [info] exiting with code 0
