[2021-06-28 10:06:17.645] [exthost] [info] extension host started
[2021-06-28 10:06:17.884] [exthost] [info] ExtensionService#_doActivateExtension ms-vscode.cpptools {"startup":false,"extensionId":{"value":"ms-vscode.cpptools","_lower":"ms-vscode.cpptools"},"activationEvent":"onLanguage:c"}
[2021-06-28 10:06:17.885] [exthost] [info] ExtensionService#loadCommonJSModule file:///home/rakshita/.vscode-server/extensions/ms-vscode.cpptools-1.4.1/dist/main
[2021-06-28 10:06:18.017] [exthost] [info] ExtensionService#_doActivateExtension vscode.debug-auto-launch {"startup":true,"extensionId":{"value":"vscode.debug-auto-launch","_lower":"vscode.debug-auto-launch"},"activationEvent":"*"}
[2021-06-28 10:06:18.018] [exthost] [info] ExtensionService#loadCommonJSModule file:///home/rakshita/.vscode-server/bin/507ce72a4466fbb27b715c3722558bb15afa9f48/extensions/debug-auto-launch/dist/extension
[2021-06-28 10:06:18.024] [exthost] [info] ExtensionService#_doActivateExtension vscode.git {"startup":true,"extensionId":{"value":"vscode.github","_lower":"vscode.github"},"activationEvent":"*"}
[2021-06-28 10:06:18.024] [exthost] [info] ExtensionService#loadCommonJSModule file:///home/rakshita/.vscode-server/bin/507ce72a4466fbb27b715c3722558bb15afa9f48/extensions/git/dist/main
[2021-06-28 10:06:18.115] [exthost] [info] ExtensionService#_doActivateExtension GitHub.vscode-pull-request-github {"startup":true,"extensionId":{"value":"GitHub.vscode-pull-request-github","_lower":"github.vscode-pull-request-github"},"activationEvent":"*"}
[2021-06-28 10:06:18.115] [exthost] [info] ExtensionService#loadCommonJSModule file:///home/rakshita/.vscode-server/extensions/github.vscode-pull-request-github-0.27.1/dist/extension
[2021-06-28 10:06:21.062] [exthost] [info] ExtensionService#_doActivateExtension vscode.github {"startup":true,"extensionId":{"value":"vscode.github","_lower":"vscode.github"},"activationEvent":"*"}
[2021-06-28 10:06:21.063] [exthost] [info] ExtensionService#loadCommonJSModule file:///home/rakshita/.vscode-server/bin/507ce72a4466fbb27b715c3722558bb15afa9f48/extensions/github/dist/extension.js
[2021-06-28 10:06:28.485] [exthost] [info] ExtensionService#_doActivateExtension vscode.emmet {"startup":false,"extensionId":{"value":"vscode.emmet","_lower":"vscode.emmet"},"activationEvent":"onStartupFinished"}
[2021-06-28 10:06:28.486] [exthost] [info] ExtensionService#loadCommonJSModule file:///home/rakshita/.vscode-server/bin/507ce72a4466fbb27b715c3722558bb15afa9f48/extensions/emmet/dist/node/emmetNodeMain
[2021-06-28 10:06:28.502] [exthost] [info] ExtensionService#_doActivateExtension vscode.merge-conflict {"startup":false,"extensionId":{"value":"vscode.merge-conflict","_lower":"vscode.merge-conflict"},"activationEvent":"onStartupFinished"}
[2021-06-28 10:06:28.503] [exthost] [info] ExtensionService#loadCommonJSModule file:///home/rakshita/.vscode-server/bin/507ce72a4466fbb27b715c3722558bb15afa9f48/extensions/merge-conflict/dist/mergeConflictMain
[2021-06-28 10:06:28.510] [exthost] [info] ExtensionService#_doActivateExtension vscode.testing-editor-contributions {"startup":false,"extensionId":{"value":"vscode.testing-editor-contributions","_lower":"vscode.testing-editor-contributions"},"activationEvent":"onStartupFinished"}
[2021-06-28 10:06:28.510] [exthost] [info] ExtensionService#loadCommonJSModule file:///home/rakshita/.vscode-server/bin/507ce72a4466fbb27b715c3722558bb15afa9f48/extensions/testing-editor-contributions/dist/extension.js
[2021-06-28 10:06:29.334] [exthost] [info] eager extensions activated
[2021-06-28 10:06:33.439] [exthost] [info] ExtensionService#_doActivateExtension ms-vscode.js-debug {"startup":false,"extensionId":{"value":"ms-vscode.js-debug","_lower":"ms-vscode.js-debug"},"activationEvent":"onCommand:extension.js-debug.clearAutoAttachVariables"}
[2021-06-28 10:06:33.439] [exthost] [info] ExtensionService#loadCommonJSModule file:///home/rakshita/.vscode-server/bin/507ce72a4466fbb27b715c3722558bb15afa9f48/extensions/ms-vscode.js-debug/src/extension.js
[2021-06-28 12:21:06.097] [exthost] [error] [ms-vscode.cpptools] provider FAILED
[2021-06-28 12:21:06.097] [exthost] [error] Canceled: Canceled
	at FoldingRangeProvider.<anonymous> (/home/rakshita/.vscode-server/extensions/ms-vscode.cpptools-1.4.1/dist/main.js:35700:23)
	at Generator.next (<anonymous>)
	at fulfilled (/home/rakshita/.vscode-server/extensions/ms-vscode.cpptools-1.4.1/dist/main.js:35674:58)
[2021-06-28 22:35:32.802] [exthost] [error] [ms-vscode.cpptools] provider FAILED
[2021-06-28 22:35:32.802] [exthost] [error] Canceled: Canceled
	at FoldingRangeProvider.<anonymous> (/home/rakshita/.vscode-server/extensions/ms-vscode.cpptools-1.4.1/dist/main.js:35700:23)
	at Generator.next (<anonymous>)
	at fulfilled (/home/rakshita/.vscode-server/extensions/ms-vscode.cpptools-1.4.1/dist/main.js:35674:58)
	at runNextTicks (internal/process/task_queues.js:58:5)
	at processImmediate (internal/timers.js:434:9)
[2021-06-28 22:54:06.861] [exthost] [error] [ms-vscode.cpptools] provider FAILED
[2021-06-28 22:54:06.861] [exthost] [error] Canceled: Canceled
	at FoldingRangeProvider.<anonymous> (/home/rakshita/.vscode-server/extensions/ms-vscode.cpptools-1.4.1/dist/main.js:35700:23)
	at Generator.next (<anonymous>)
	at fulfilled (/home/rakshita/.vscode-server/extensions/ms-vscode.cpptools-1.4.1/dist/main.js:35674:58)
[2021-06-28 22:54:07.160] [exthost] [error] [ms-vscode.cpptools] provider FAILED
[2021-06-28 22:54:07.160] [exthost] [error] Canceled: Canceled
	at FoldingRangeProvider.<anonymous> (/home/rakshita/.vscode-server/extensions/ms-vscode.cpptools-1.4.1/dist/main.js:35700:23)
	at Generator.next (<anonymous>)
	at fulfilled (/home/rakshita/.vscode-server/extensions/ms-vscode.cpptools-1.4.1/dist/main.js:35674:58)
[2021-06-28 23:38:48.649] [exthost] [info] extension host terminating: received terminate message from renderer
[2021-06-28 23:38:49.797] [exthost] [info] exiting with code 0
