[2021-06-25 08:55:09.384] [exthost] [info] extension host started
[2021-06-25 08:55:09.426] [exthost] [info] ExtensionService#_doActivateExtension vscode.debug-auto-launch {"startup":true,"extensionId":{"value":"vscode.debug-auto-launch","_lower":"vscode.debug-auto-launch"},"activationEvent":"*"}
[2021-06-25 08:55:09.426] [exthost] [info] ExtensionService#loadCommonJSModule file:///home/rakshita/.vscode-server/bin/507ce72a4466fbb27b715c3722558bb15afa9f48/extensions/debug-auto-launch/dist/extension
[2021-06-25 08:55:09.478] [exthost] [info] ExtensionService#_doActivateExtension vscode.git {"startup":true,"extensionId":{"value":"vscode.github","_lower":"vscode.github"},"activationEvent":"*"}
[2021-06-25 08:55:09.488] [exthost] [info] ExtensionService#loadCommonJSModule file:///home/rakshita/.vscode-server/bin/507ce72a4466fbb27b715c3722558bb15afa9f48/extensions/git/dist/main
[2021-06-25 08:55:09.781] [exthost] [info] ExtensionService#_doActivateExtension ms-vscode.js-debug {"startup":false,"extensionId":{"value":"ms-vscode.js-debug","_lower":"ms-vscode.js-debug"},"activationEvent":"onCommand:extension.js-debug.clearAutoAttachVariables"}
[2021-06-25 08:55:09.782] [exthost] [info] ExtensionService#loadCommonJSModule file:///home/rakshita/.vscode-server/bin/507ce72a4466fbb27b715c3722558bb15afa9f48/extensions/ms-vscode.js-debug/src/extension.js
[2021-06-25 08:55:10.274] [exthost] [info] ExtensionService#_doActivateExtension vscode.github {"startup":true,"extensionId":{"value":"vscode.github","_lower":"vscode.github"},"activationEvent":"*"}
[2021-06-25 08:55:10.274] [exthost] [info] ExtensionService#loadCommonJSModule file:///home/rakshita/.vscode-server/bin/507ce72a4466fbb27b715c3722558bb15afa9f48/extensions/github/dist/extension.js
[2021-06-25 08:55:10.445] [exthost] [info] ExtensionService#_doActivateExtension vscode.emmet {"startup":false,"extensionId":{"value":"vscode.emmet","_lower":"vscode.emmet"},"activationEvent":"onStartupFinished"}
[2021-06-25 08:55:10.445] [exthost] [info] ExtensionService#loadCommonJSModule file:///home/rakshita/.vscode-server/bin/507ce72a4466fbb27b715c3722558bb15afa9f48/extensions/emmet/dist/node/emmetNodeMain
[2021-06-25 08:55:10.487] [exthost] [info] ExtensionService#_doActivateExtension vscode.merge-conflict {"startup":false,"extensionId":{"value":"vscode.merge-conflict","_lower":"vscode.merge-conflict"},"activationEvent":"onStartupFinished"}
[2021-06-25 08:55:10.487] [exthost] [info] ExtensionService#loadCommonJSModule file:///home/rakshita/.vscode-server/bin/507ce72a4466fbb27b715c3722558bb15afa9f48/extensions/merge-conflict/dist/mergeConflictMain
[2021-06-25 08:55:10.524] [exthost] [info] ExtensionService#_doActivateExtension vscode.testing-editor-contributions {"startup":false,"extensionId":{"value":"vscode.testing-editor-contributions","_lower":"vscode.testing-editor-contributions"},"activationEvent":"onStartupFinished"}
[2021-06-25 08:55:10.524] [exthost] [info] ExtensionService#loadCommonJSModule file:///home/rakshita/.vscode-server/bin/507ce72a4466fbb27b715c3722558bb15afa9f48/extensions/testing-editor-contributions/dist/extension.js
[2021-06-25 08:55:10.533] [exthost] [info] eager extensions activated
[2021-06-25 08:55:25.172] [exthost] [info] ExtensionService#_doActivateExtension ms-vscode.cpptools {"startup":false,"extensionId":{"value":"ms-vscode.cpptools","_lower":"ms-vscode.cpptools"},"activationEvent":"onLanguage:c"}
[2021-06-25 08:55:25.173] [exthost] [info] ExtensionService#loadCommonJSModule file:///home/rakshita/.vscode-server/extensions/ms-vscode.cpptools-1.4.1/dist/main
[2021-06-25 09:13:50.885] [exthost] [error] [ms-vscode.cpptools] provider FAILED
[2021-06-25 09:13:50.886] [exthost] [error] Canceled: Canceled
	at FoldingRangeProvider.<anonymous> (/home/rakshita/.vscode-server/extensions/ms-vscode.cpptools-1.4.1/dist/main.js:35700:23)
	at Generator.next (<anonymous>)
	at fulfilled (/home/rakshita/.vscode-server/extensions/ms-vscode.cpptools-1.4.1/dist/main.js:35674:58)
[2021-06-25 10:12:27.562] [exthost] [info] ExtensionService#_doActivateExtension vscode.configuration-editing {"startup":false,"extensionId":{"value":"vscode.configuration-editing","_lower":"vscode.configuration-editing"},"activationEvent":"onLanguage:jsonc"}
[2021-06-25 10:12:27.563] [exthost] [info] ExtensionService#loadCommonJSModule file:///home/rakshita/.vscode-server/bin/507ce72a4466fbb27b715c3722558bb15afa9f48/extensions/configuration-editing/dist/configurationEditingMain
[2021-06-25 10:12:27.609] [exthost] [info] ExtensionService#_doActivateExtension vscode.json-language-features {"startup":false,"extensionId":{"value":"vscode.json-language-features","_lower":"vscode.json-language-features"},"activationEvent":"onLanguage:jsonc"}
[2021-06-25 10:12:27.609] [exthost] [info] ExtensionService#loadCommonJSModule file:///home/rakshita/.vscode-server/bin/507ce72a4466fbb27b715c3722558bb15afa9f48/extensions/json-language-features/client/dist/node/jsonClientMain
[2021-06-25 10:12:27.772] [exthost] [info] ExtensionService#_doActivateExtension vscode.typescript-language-features {"startup":false,"extensionId":{"value":"vscode.typescript-language-features","_lower":"vscode.typescript-language-features"},"activationEvent":"onLanguage:jsonc"}
[2021-06-25 10:12:27.772] [exthost] [info] ExtensionService#loadCommonJSModule file:///home/rakshita/.vscode-server/bin/507ce72a4466fbb27b715c3722558bb15afa9f48/extensions/typescript-language-features/dist/extension
